<?xml version="1.0" encoding="UTF-8"?>
<testsuite xmlns:xsi="http://www.w3.org/2001/XMLSchema-instance" xsi:noNamespaceSchemaLocation="https://maven.apache.org/surefire/maven-surefire-plugin/xsd/surefire-test-report.xsd" version="3.0.2" name="de.robinmeese.keycloak.events.LastLoginListenerTest" time="35.991" tests="1" errors="0" skipped="0" failures="0">
  <properties>
[...]
</properties>
  <testcase name="testThatLoginAttributeIsWrittenAndAlsoUpdated" classname="de.robinmeese.keycloak.events.LastLoginListenerTest" time="26.24">
    <system-out><![CDATA[1662 [main] &amp#27;[32mINFO &amp#27;[m org.testcontainers.images.PullPolicy - Image pull policy will be performed by: DefaultPullPolicy()

1666 [main] &amp#27;[32mINFO &amp#27;[m org.testcontainers.utility.ImageNameSubstitutor - Image name substitution will be performed by: DefaultImageNameSubstitutor (composite of 'ConfigurationFileImageNameSubstitutor' and 'PrefixingImageNameSubstitutor')

1693 [main] &amp#27;[32mINFO &amp#27;[m org.testcontainers.DockerClientFactory - Testcontainers version: 1.20.1

2088 [main] &amp#27;[32mINFO &amp#27;[m org.testcontainers.dockerclient.DockerClientProviderStrategy - Found Docker environment with local Unix socket (unix:///var/run/docker.sock)

2096 [main] &amp#27;[32mINFO &amp#27;[m org.testcontainers.DockerClientFactory - Docker host IP address is localhost

2111 [main] &amp#27;[32mINFO &amp#27;[m org.testcontainers.DockerClientFactory - Connected to docker: 
  Server Version: 26.1.3
  API Version: 1.45
  Operating System: Ubuntu 22.04.4 LTS
  Total Memory: 15981 MB

2140 [main] &amp#27;[32mINFO &amp#27;[m tc.testcontainers/ryuk:0.8.1 - Pulling docker image: testcontainers/ryuk:0.8.1. Please be patient; this may take some time but only needs to be done once.

3125 [docker-java-stream-1689030468] &amp#27;[32mINFO &amp#27;[m tc.testcontainers/ryuk:0.8.1 - Starting to pull image

3140 [docker-java-stream-1689030468] &amp#27;[32mINFO &amp#27;[m tc.testcontainers/ryuk:0.8.1 - Pulling image layers:  0 pending,  0 downloaded,  0 extracted, (0 bytes/0 bytes)

3668 [docker-java-stream-1689030468] &amp#27;[32mINFO &amp#27;[m tc.testcontainers/ryuk:0.8.1 - Pulling image layers:  2 pending,  1 downloaded,  0 extracted, (317 KB/? MB)

3672 [docker-java-stream-1689030468] &amp#27;[32mINFO &amp#27;[m tc.testcontainers/ryuk:0.8.1 - Pulling image layers:  1 pending,  2 downloaded,  0 extracted, (317 KB/? MB)

3792 [docker-java-stream-1689030468] &amp#27;[32mINFO &amp#27;[m tc.testcontainers/ryuk:0.8.1 - Pulling image layers:  0 pending,  3 downloaded,  0 extracted, (351 KB/6 MB)

3894 [docker-java-stream-1689030468] &amp#27;[32mINFO &amp#27;[m tc.testcontainers/ryuk:0.8.1 - Pulling image layers:  0 pending,  3 downloaded,  1 extracted, (3 MB/6 MB)

4000 [docker-java-stream-1689030468] &amp#27;[32mINFO &amp#27;[m tc.testcontainers/ryuk:0.8.1 - Pulling image layers:  0 pending,  3 downloaded,  2 extracted, (3 MB/6 MB)

4113 [docker-java-stream-1689030468] &amp#27;[32mINFO &amp#27;[m tc.testcontainers/ryuk:0.8.1 - Pulling image layers:  0 pending,  3 downloaded,  3 extracted, (6 MB/6 MB)

4119 [main] &amp#27;[32mINFO &amp#27;[m tc.testcontainers/ryuk:0.8.1 - Image testcontainers/ryuk:0.8.1 pull took PT1.978307898S

4157 [main] &amp#27;[32mINFO &amp#27;[m tc.testcontainers/ryuk:0.8.1 - Creating container for image: testcontainers/ryuk:0.8.1

4224 [main] &amp#27;[32mINFO &amp#27;[m tc.testcontainers/ryuk:0.8.1 - Container testcontainers/ryuk:0.8.1 is starting: ebeb0e52bb3a402c4b9267a632d740f67bf23b6a947950ce5564a8d10624829f

4532 [main] &amp#27;[32mINFO &amp#27;[m tc.testcontainers/ryuk:0.8.1 - Container testcontainers/ryuk:0.8.1 started in PT0.374728046S

4536 [main] &amp#27;[32mINFO &amp#27;[m org.testcontainers.utility.RyukResourceReaper - Ryuk started - will monitor and terminate Testcontainers containers on JVM exit

4537 [main] &amp#27;[32mINFO &amp#27;[m org.testcontainers.DockerClientFactory - Checking the system...

4537 [main] &amp#27;[32mINFO &amp#27;[m org.testcontainers.DockerClientFactory - ✔︎ Docker server version should be at least 1.6.0

4540 [main] &amp#27;[32mINFO &amp#27;[m tc.quay.io/keycloak/keycloak:latest - Pulling docker image: quay.io/keycloak/keycloak:latest. Please be patient; this may take some time but only needs to be done once.

5863 [docker-java-stream-637761215] &amp#27;[32mINFO &amp#27;[m tc.quay.io/keycloak/keycloak:latest - Starting to pull image

5864 [docker-java-stream-637761215] &amp#27;[32mINFO &amp#27;[m tc.quay.io/keycloak/keycloak:latest - Pulling image layers:  0 pending,  0 downloaded,  0 extracted, (0 bytes/0 bytes)

6573 [docker-java-stream-637761215] &amp#27;[32mINFO &amp#27;[m tc.quay.io/keycloak/keycloak:latest - Pulling image layers:  3 pending,  1 downloaded,  0 extracted, (1 MB/? MB)

6891 [docker-java-stream-637761215] &amp#27;[32mINFO &amp#27;[m tc.quay.io/keycloak/keycloak:latest - Pulling image layers:  3 pending,  1 downloaded,  1 extracted, (116 MB/? MB)

6916 [docker-java-stream-637761215] &amp#27;[32mINFO &amp#27;[m tc.quay.io/keycloak/keycloak:latest - Pulling image layers:  2 pending,  2 downloaded,  1 extracted, (116 MB/? MB)

6983 [docker-java-stream-637761215] &amp#27;[32mINFO &amp#27;[m tc.quay.io/keycloak/keycloak:latest - Pulling image layers:  1 pending,  3 downloaded,  1 extracted, (152 MB/? MB)

7297 [docker-java-stream-637761215] &amp#27;[32mINFO &amp#27;[m tc.quay.io/keycloak/keycloak:latest - Pulling image layers:  0 pending,  4 downloaded,  1 extracted, (197 MB/224 MB)

9475 [docker-java-stream-637761215] &amp#27;[32mINFO &amp#27;[m tc.quay.io/keycloak/keycloak:latest - Pulling image layers:  0 pending,  4 downloaded,  2 extracted, (212 MB/224 MB)

10412 [docker-java-stream-637761215] &amp#27;[32mINFO &amp#27;[m tc.quay.io/keycloak/keycloak:latest - Pulling image layers:  0 pending,  4 downloaded,  3 extracted, (224 MB/224 MB)

10421 [docker-java-stream-637761215] &amp#27;[32mINFO &amp#27;[m tc.quay.io/keycloak/keycloak:latest - Pulling image layers:  0 pending,  4 downloaded,  4 extracted, (224 MB/224 MB)

10427 [docker-java-stream-637761215] &amp#27;[32mINFO &amp#27;[m tc.quay.io/keycloak/keycloak:latest - Pull complete. 4 layers, pulled in 4s (downloaded 224 MB at 56 MB/s)

10427 [main] &amp#27;[32mINFO &amp#27;[m tc.quay.io/keycloak/keycloak:latest - Image quay.io/keycloak/keycloak:latest pull took PT5.88716228S

10476 [main] &amp#27;[32mINFO &amp#27;[m tc.quay.io/keycloak/keycloak:latest - Creating container for image: quay.io/keycloak/keycloak:latest

10508 [main] &amp#27;[32mINFO &amp#27;[m tc.quay.io/keycloak/keycloak:latest - Container quay.io/keycloak/keycloak:latest is starting: dbe876e821c27fff3cab61e7c0f2b4e592a992fb86d87884c60724fd9dd6704d

10745 [main] &amp#27;[32mINFO &amp#27;[m org.testcontainers.containers.wait.strategy.HttpWaitStrategy - /trusting_satoshi: Waiting for 120 seconds for URL: http://localhost:32770 (where port 32770 maps to container port 8080)

10748 [docker-java-stream--2105637703] &amp#27;[32mINFO &amp#27;[m de.robinmeese.keycloak.events.LastLoginListenerTest - JAVA_OPTS_KC_HEAP already set in environment; overriding default settings

10748 [docker-java-stream--2105637703] &amp#27;[32mINFO &amp#27;[m tc.quay.io/keycloak/keycloak:latest - STDOUT: JAVA_OPTS_KC_HEAP already set in environment; overriding default settings

11612 [docker-java-stream--2105637703] &amp#27;[32mINFO &amp#27;[m tc.quay.io/keycloak/keycloak:latest - STDOUT: Updating the configuration and installing your custom providers, if any. Please wait.

11612 [docker-java-stream--2105637703] &amp#27;[32mINFO &amp#27;[m de.robinmeese.keycloak.events.LastLoginListenerTest - Updating the configuration and installing your custom providers, if any. Please wait.

14840 [docker-java-stream--2105637703] &amp#27;[32mINFO &amp#27;[m tc.quay.io/keycloak/keycloak:latest - STDOUT: 2024-08-05 14:13:01,307 WARN  [org.key.services] (build-22) KC-SERVICES0047: last-login (de.robinmeese.keycloak.events.LastLoginListenerFactory) is implementing the internal SPI eventsListener. This SPI is internal and may change without notice

14841 [docker-java-stream--2105637703] &amp#27;[32mINFO &amp#27;[m de.robinmeese.keycloak.events.LastLoginListenerTest - 2024-08-05 14:13:01,307 WARN  [org.key.services] (build-22) KC-SERVICES0047: last-login (de.robinmeese.keycloak.events.LastLoginListenerFactory) is implementing the internal SPI eventsListener. This SPI is internal and may change without notice

19064 [docker-java-stream--2105637703] &amp#27;[32mINFO &amp#27;[m de.robinmeese.keycloak.events.LastLoginListenerTest - 2024-08-05 14:13:06,036 INFO  [io.qua.dep.QuarkusAugmentor] (main) Quarkus augmentation completed in 6678ms

19064 [docker-java-stream--2105637703] &amp#27;[32mINFO &amp#27;[m tc.quay.io/keycloak/keycloak:latest - STDOUT: 2024-08-05 14:13:06,036 INFO  [io.qua.dep.QuarkusAugmentor] (main) Quarkus augmentation completed in 6678ms

23016 [docker-java-stream--2105637703] &amp#27;[32mINFO &amp#27;[m de.robinmeese.keycloak.events.LastLoginListenerTest - 2024-08-05 14:13:09,988 INFO  [org.infinispan.CONTAINER] (ForkJoinPool.commonPool-worker-1) ISPN000556: Starting user marshaller 'org.infinispan.jboss.marshalling.core.JBossUserMarshaller'

23016 [docker-java-stream--2105637703] &amp#27;[32mINFO &amp#27;[m tc.quay.io/keycloak/keycloak:latest - STDOUT: 2024-08-05 14:13:09,988 INFO  [org.infinispan.CONTAINER] (ForkJoinPool.commonPool-worker-1) ISPN000556: Starting user marshaller 'org.infinispan.jboss.marshalling.core.JBossUserMarshaller'

24521 [docker-java-stream--2105637703] &amp#27;[32mINFO &amp#27;[m tc.quay.io/keycloak/keycloak:latest - STDOUT: 2024-08-05 14:13:11,494 INFO  [org.keycloak.quarkus.runtime.storage.legacy.liquibase.QuarkusJpaUpdaterProvider] (main) Initializing database schema. Using changelog META-INF/jpa-changelog-master.xml

24522 [docker-java-stream--2105637703] &amp#27;[32mINFO &amp#27;[m de.robinmeese.keycloak.events.LastLoginListenerTest - 2024-08-05 14:13:11,494 INFO  [org.keycloak.quarkus.runtime.storage.legacy.liquibase.QuarkusJpaUpdaterProvider] (main) Initializing database schema. Using changelog META-INF/jpa-changelog-master.xml

26710 [docker-java-stream--2105637703] &amp#27;[32mINFO &amp#27;[m tc.quay.io/keycloak/keycloak:latest - STDOUT: 

26710 [docker-java-stream--2105637703] &amp#27;[32mINFO &amp#27;[m tc.quay.io/keycloak/keycloak:latest - STDOUT: UPDATE SUMMARY

26710 [docker-java-stream--2105637703] &amp#27;[32mINFO &amp#27;[m tc.quay.io/keycloak/keycloak:latest - STDOUT: Run:                        134

26710 [docker-java-stream--2105637703] &amp#27;[32mINFO &amp#27;[m tc.quay.io/keycloak/keycloak:latest - STDOUT: Previously run:               0

26711 [docker-java-stream--2105637703] &amp#27;[32mINFO &amp#27;[m tc.quay.io/keycloak/keycloak:latest - STDOUT: Filtered out:                 0

26711 [docker-java-stream--2105637703] &amp#27;[32mINFO &amp#27;[m tc.quay.io/keycloak/keycloak:latest - STDOUT: -------------------------------

26711 [docker-java-stream--2105637703] &amp#27;[32mINFO &amp#27;[m tc.quay.io/keycloak/keycloak:latest - STDOUT: Total change sets:          134

26711 [docker-java-stream--2105637703] &amp#27;[32mINFO &amp#27;[m tc.quay.io/keycloak/keycloak:latest - STDOUT: 

26711 [docker-java-stream--2105637703] &amp#27;[32mINFO &amp#27;[m de.robinmeese.keycloak.events.LastLoginListenerTest - 

26712 [docker-java-stream--2105637703] &amp#27;[32mINFO &amp#27;[m de.robinmeese.keycloak.events.LastLoginListenerTest - UPDATE SUMMARY

26712 [docker-java-stream--2105637703] &amp#27;[32mINFO &amp#27;[m de.robinmeese.keycloak.events.LastLoginListenerTest - Run:                        134

26712 [docker-java-stream--2105637703] &amp#27;[32mINFO &amp#27;[m de.robinmeese.keycloak.events.LastLoginListenerTest - Previously run:               0

26712 [docker-java-stream--2105637703] &amp#27;[32mINFO &amp#27;[m de.robinmeese.keycloak.events.LastLoginListenerTest - Filtered out:                 0

26712 [docker-java-stream--2105637703] &amp#27;[32mINFO &amp#27;[m de.robinmeese.keycloak.events.LastLoginListenerTest - -------------------------------

26712 [docker-java-stream--2105637703] &amp#27;[32mINFO &amp#27;[m de.robinmeese.keycloak.events.LastLoginListenerTest - Total change sets:          134

26713 [docker-java-stream--2105637703] &amp#27;[32mINFO &amp#27;[m de.robinmeese.keycloak.events.LastLoginListenerTest - 

27064 [docker-java-stream--2105637703] &amp#27;[32mINFO &amp#27;[m tc.quay.io/keycloak/keycloak:latest - STDOUT: 2024-08-05 14:13:14,036 INFO  [org.keycloak.connections.infinispan.DefaultInfinispanConnectionProviderFactory] (main) Node name: node_562113, Site name: null

27064 [docker-java-stream--2105637703] &amp#27;[32mINFO &amp#27;[m de.robinmeese.keycloak.events.LastLoginListenerTest - 2024-08-05 14:13:14,036 INFO  [org.keycloak.connections.infinispan.DefaultInfinispanConnectionProviderFactory] (main) Node name: node_562113, Site name: null

27188 [docker-java-stream--2105637703] &amp#27;[32mINFO &amp#27;[m de.robinmeese.keycloak.events.LastLoginListenerTest - 2024-08-05 14:13:14,160 INFO  [org.keycloak.broker.provider.AbstractIdentityProviderMapper] (main) Registering class org.keycloak.broker.provider.mappersync.ConfigSyncEventListener

27188 [docker-java-stream--2105637703] &amp#27;[32mINFO &amp#27;[m tc.quay.io/keycloak/keycloak:latest - STDOUT: 2024-08-05 14:13:14,160 INFO  [org.keycloak.broker.provider.AbstractIdentityProviderMapper] (main) Registering class org.keycloak.broker.provider.mappersync.ConfigSyncEventListener

27242 [docker-java-stream--2105637703] &amp#27;[32mINFO &amp#27;[m tc.quay.io/keycloak/keycloak:latest - STDOUT: 2024-08-05 14:13:14,215 INFO  [org.keycloak.services] (main) KC-SERVICES0050: Initializing master realm

27242 [docker-java-stream--2105637703] &amp#27;[32mINFO &amp#27;[m de.robinmeese.keycloak.events.LastLoginListenerTest - 2024-08-05 14:13:14,215 INFO  [org.keycloak.services] (main) KC-SERVICES0050: Initializing master realm

28659 [docker-java-stream--2105637703] &amp#27;[32mINFO &amp#27;[m tc.quay.io/keycloak/keycloak:latest - STDOUT: 2024-08-05 14:13:15,631 INFO  [org.keycloak.exportimport.dir.DirImportProvider] (main) Importing from directory /opt/keycloak/bin/../data/import

28659 [docker-java-stream--2105637703] &amp#27;[32mINFO &amp#27;[m tc.quay.io/keycloak/keycloak:latest - STDOUT: 2024-08-05 14:13:15,631 INFO  [org.keycloak.services] (main) KC-SERVICES0030: Full model import requested. Strategy: IGNORE_EXISTING

28659 [docker-java-stream--2105637703] &amp#27;[32mINFO &amp#27;[m de.robinmeese.keycloak.events.LastLoginListenerTest - 2024-08-05 14:13:15,631 INFO  [org.keycloak.exportimport.dir.DirImportProvider] (main) Importing from directory /opt/keycloak/bin/../data/import

28660 [docker-java-stream--2105637703] &amp#27;[32mINFO &amp#27;[m de.robinmeese.keycloak.events.LastLoginListenerTest - 2024-08-05 14:13:15,631 INFO  [org.keycloak.services] (main) KC-SERVICES0030: Full model import requested. Strategy: IGNORE_EXISTING

30596 [docker-java-stream--2105637703] &amp#27;[32mINFO &amp#27;[m de.robinmeese.keycloak.events.LastLoginListenerTest - 2024-08-05 14:13:17,568 INFO  [org.keycloak.exportimport.util.ImportUtils] (main) Realm 'test-realm' imported

30596 [docker-java-stream--2105637703] &amp#27;[32mINFO &amp#27;[m tc.quay.io/keycloak/keycloak:latest - STDOUT: 2024-08-05 14:13:17,568 INFO  [org.keycloak.exportimport.util.ImportUtils] (main) Realm 'test-realm' imported

30713 [docker-java-stream--2105637703] &amp#27;[32mINFO &amp#27;[m tc.quay.io/keycloak/keycloak:latest - STDOUT: 2024-08-05 14:13:17,685 INFO  [org.keycloak.services] (main) KC-SERVICES0032: Import finished successfully

30713 [docker-java-stream--2105637703] &amp#27;[32mINFO &amp#27;[m de.robinmeese.keycloak.events.LastLoginListenerTest - 2024-08-05 14:13:17,685 INFO  [org.keycloak.services] (main) KC-SERVICES0032: Import finished successfully

30901 [docker-java-stream--2105637703] &amp#27;[32mINFO &amp#27;[m de.robinmeese.keycloak.events.LastLoginListenerTest - 2024-08-05 14:13:17,874 INFO  [org.keycloak.services] (main) KC-SERVICES0009: Added user 'admin' to realm 'master'

30903 [docker-java-stream--2105637703] &amp#27;[32mINFO &amp#27;[m tc.quay.io/keycloak/keycloak:latest - STDOUT: 2024-08-05 14:13:17,874 INFO  [org.keycloak.services] (main) KC-SERVICES0009: Added user 'admin' to realm 'master'

30972 [docker-java-stream--2105637703] &amp#27;[32mINFO &amp#27;[m de.robinmeese.keycloak.events.LastLoginListenerTest - 2024-08-05 14:13:17,944 INFO  [io.quarkus] (main) Keycloak 25.0.2 on JVM (powered by Quarkus 3.8.5) started in 11.780s. Listening on: http://0.0.0.0:8080. Management interface listening on http://0.0.0.0:9000.

30973 [docker-java-stream--2105637703] &amp#27;[32mINFO &amp#27;[m de.robinmeese.keycloak.events.LastLoginListenerTest - 2024-08-05 14:13:17,944 INFO  [io.quarkus] (main) Profile dev activated. 

30973 [docker-java-stream--2105637703] &amp#27;[32mINFO &amp#27;[m de.robinmeese.keycloak.events.LastLoginListenerTest - 2024-08-05 14:13:17,945 INFO  [io.quarkus] (main) Installed features: [agroal, cdi, hibernate-orm, jdbc-h2, keycloak, logging-gelf, narayana-jta, reactive-routes, resteasy-reactive, resteasy-reactive-jackson, smallrye-context-propagation, vertx]

30972 [docker-java-stream--2105637703] &amp#27;[32mINFO &amp#27;[m tc.quay.io/keycloak/keycloak:latest - STDOUT: 2024-08-05 14:13:17,944 INFO  [io.quarkus] (main) Keycloak 25.0.2 on JVM (powered by Quarkus 3.8.5) started in 11.780s. Listening on: http://0.0.0.0:8080. Management interface listening on http://0.0.0.0:9000.

30973 [docker-java-stream--2105637703] &amp#27;[32mINFO &amp#27;[m tc.quay.io/keycloak/keycloak:latest - STDOUT: 2024-08-05 14:13:17,944 INFO  [io.quarkus] (main) Profile dev activated. 

30973 [docker-java-stream--2105637703] &amp#27;[32mINFO &amp#27;[m tc.quay.io/keycloak/keycloak:latest - STDOUT: 2024-08-05 14:13:17,945 INFO  [io.quarkus] (main) Installed features: [agroal, cdi, hibernate-orm, jdbc-h2, keycloak, logging-gelf, narayana-jta, reactive-routes, resteasy-reactive, resteasy-reactive-jackson, smallrye-context-propagation, vertx]

30977 [docker-java-stream--2105637703] &amp#27;[32mINFO &amp#27;[m tc.quay.io/keycloak/keycloak:latest - STDOUT: 2024-08-05 14:13:17,950 WARN  [org.keycloak.quarkus.runtime.KeycloakMain] (main) Running the server in development mode. DO NOT use this configuration in production.

30977 [docker-java-stream--2105637703] &amp#27;[32mINFO &amp#27;[m de.robinmeese.keycloak.events.LastLoginListenerTest - 2024-08-05 14:13:17,950 WARN  [org.keycloak.quarkus.runtime.KeycloakMain] (main) Running the server in development mode. DO NOT use this configuration in production.

32068 [main] &amp#27;[32mINFO &amp#27;[m tc.quay.io/keycloak/keycloak:latest - Container quay.io/keycloak/keycloak:latest started in PT21.592095259S

]]></system-out>
  </testcase>
</testsuite>